# JRE version: Java(TM) SE Runtime Environment (8.0_191-b12) (build 1.8.0_191-b12)
# Java VM: Java HotSpot(TM) 64-Bit Server VM (25.191-b12 mixed mode windows-amd64 compressed oops)
Heap:
 PSYoungGen      total 132608K, used 2377K [0x0000000780700000, 0x000000078b500000, 0x00000007c0000000)
  eden space 121856K, 1% used [0x0000000780700000,0x0000000780952730,0x0000000787e00000)
  from space 10752K, 0% used [0x0000000788a80000,0x0000000788a80000,0x0000000789500000)
  to   space 12800K, 0% used [0x0000000787e00000,0x0000000787e00000,0x0000000788a80000)
 ParOldGen       total 76800K, used 25051K [0x0000000701400000, 0x0000000705f00000, 0x0000000780700000)
  object space 76800K, 32% used [0x0000000701400000,0x0000000702c76ea8,0x0000000705f00000)
 Metaspace       used 42660K, capacity 44349K, committed 44416K, reserved 1091584K
  class space    used 5621K, capacity 5959K, committed 6016K, reserved 1048576K
GC Heap History (10 events):
Event: 8.737 GC heap before
{Heap before GC invocations=9 (full 2):
 PSYoungGen      total 134656K, used 12799K [0x0000000780700000, 0x000000078b500000, 0x00000007c0000000)
  eden space 121856K, 0% used [0x0000000780700000,0x0000000780700000,0x0000000787e00000)
  from space 12800K, 99% used [0x0000000787e00000,0x0000000788a7fd70,0x0000000788a80000)
  to   space 10752K, 0% used [0x0000000788a80000,0x0000000788a80000,0x0000000789500000)
 ParOldGen       total 76800K, used 10652K [0x0000000701400000, 0x0000000705f00000, 0x0000000780700000)
  object space 76800K, 13% used [0x0000000701400000,0x0000000701e67240,0x0000000705f00000)
 Metaspace       used 34200K, capacity 35386K, committed 35496K, reserved 1079296K
  class space    used 4493K, capacity 4761K, committed 4864K, reserved 1048576K
Event: 8.819 GC heap after
Heap after GC invocations=9 (full 2):
 PSYoungGen      total 134656K, used 0K [0x0000000780700000, 0x000000078b500000, 0x00000007c0000000)
  eden space 121856K, 0% used [0x0000000780700000,0x0000000780700000,0x0000000787e00000)
  from space 12800K, 0% used [0x0000000787e00000,0x0000000787e00000,0x0000000788a80000)
  to   space 10752K, 0% used [0x0000000788a80000,0x0000000788a80000,0x0000000789500000)
 ParOldGen       total 76800K, used 18619K [0x0000000701400000, 0x0000000705f00000, 0x0000000780700000)
  object space 76800K, 24% used [0x0000000701400000,0x000000070262ed58,0x0000000705f00000)
 Metaspace       used 34198K, capacity 35380K, committed 35496K, reserved 1079296K
  class space    used 4492K, capacity 4760K, committed 4864K, reserved 1048576K
}
Event: 10.956 GC heap before
{Heap before GC invocations=10 (full 2):
 PSYoungGen      total 134656K, used 121856K [0x0000000780700000, 0x000000078b500000, 0x00000007c0000000)
  eden space 121856K, 100% used [0x0000000780700000,0x0000000787e00000,0x0000000787e00000)
  from space 12800K, 0% used [0x0000000787e00000,0x0000000787e00000,0x0000000788a80000)
  to   space 10752K, 0% used [0x0000000788a80000,0x0000000788a80000,0x0000000789500000)
 ParOldGen       total 76800K, used 18619K [0x0000000701400000, 0x0000000705f00000, 0x0000000780700000)
  object space 76800K, 24% used [0x0000000701400000,0x000000070262ed58,0x0000000705f00000)
 Metaspace       used 38873K, capacity 40234K, committed 40576K, reserved 1085440K
  class space    used 5092K, capacity 5383K, committed 5504K, reserved 1048576K
Event: 10.963 GC heap after
Heap after GC invocations=10 (full 2):
 PSYoungGen      total 132608K, used 7123K [0x0000000780700000, 0x000000078b500000, 0x00000007c0000000)
  eden space 121856K, 0% used [0x0000000780700000,0x0000000780700000,0x0000000787e00000)
  from space 10752K, 66% used [0x0000000788a80000,0x0000000789174c40,0x0000000789500000)
  to   space 12800K, 0% used [0x0000000787e00000,0x0000000787e00000,0x0000000788a80000)
 ParOldGen       total 76800K, used 18635K [0x0000000701400000, 0x0000000705f00000, 0x0000000780700000)
  object space 76800K, 24% used [0x0000000701400000,0x0000000702632d58,0x0000000705f00000)
 Metaspace       used 38873K, capacity 40234K, committed 40576K, reserved 1085440K
  class space    used 5092K, capacity 5383K, committed 5504K, reserved 1048576K
}
Event: 11.566 GC heap before
{Heap before GC invocations=11 (full 2):
 PSYoungGen      total 132608K, used 128979K [0x0000000780700000, 0x000000078b500000, 0x00000007c0000000)
  eden space 121856K, 100% used [0x0000000780700000,0x0000000787e00000,0x0000000787e00000)
  from space 10752K, 66% used [0x0000000788a80000,0x0000000789174c40,0x0000000789500000)
  to   space 12800K, 0% used [0x0000000787e00000,0x0000000787e00000,0x0000000788a80000)
 ParOldGen       total 76800K, used 18635K [0x0000000701400000, 0x0000000705f00000, 0x0000000780700000)
  object space 76800K, 24% used [0x0000000701400000,0x0000000702632d58,0x0000000705f00000)
 Metaspace       used 40035K, capacity 41384K, committed 41472K, reserved 1085440K
  class space    used 5260K, capacity 5560K, committed 5632K, reserved 1048576K
Event: 11.576 GC heap after
Heap after GC invocations=11 (full 2):
 PSYoungGen      total 134656K, used 7189K [0x0000000780700000, 0x000000078b500000, 0x00000007c0000000)
  eden space 121856K, 0% used [0x0000000780700000,0x0000000780700000,0x0000000787e00000)
  from space 12800K, 56% used [0x0000000787e00000,0x0000000788505520,0x0000000788a80000)
  to   space 10752K, 0% used [0x0000000788a80000,0x0000000788a80000,0x0000000789500000)
 ParOldGen       total 76800K, used 18643K [0x0000000701400000, 0x0000000705f00000, 0x0000000780700000)
  object space 76800K, 24% used [0x0000000701400000,0x0000000702634d58,0x0000000705f00000)
 Metaspace       used 40035K, capacity 41384K, committed 41472K, reserved 1085440K
  class space    used 5260K, capacity 5560K, committed 5632K, reserved 1048576K
}
Event: 12.166 GC heap before
{Heap before GC invocations=12 (full 2):
 PSYoungGen      total 134656K, used 52612K [0x0000000780700000, 0x000000078b500000, 0x00000007c0000000)
  eden space 121856K, 37% used [0x0000000780700000,0x000000078335bea8,0x0000000787e00000)
  from space 12800K, 56% used [0x0000000787e00000,0x0000000788505520,0x0000000788a80000)
  to   space 10752K, 0% used [0x0000000788a80000,0x0000000788a80000,0x0000000789500000)
 ParOldGen       total 76800K, used 18643K [0x0000000701400000, 0x0000000705f00000, 0x0000000780700000)
  object space 76800K, 24% used [0x0000000701400000,0x0000000702634d58,0x0000000705f00000)
 Metaspace       used 42658K, capacity 44343K, committed 44416K, reserved 1091584K
  class space    used 5620K, capacity 5958K, committed 6016K, reserved 1048576K
Event: 12.177 GC heap after
Heap after GC invocations=12 (full 2):
 PSYoungGen      total 132608K, used 9877K [0x0000000780700000, 0x000000078b500000, 0x00000007c0000000)
  eden space 121856K, 0% used [0x0000000780700000,0x0000000780700000,0x0000000787e00000)
  from space 10752K, 91% used [0x0000000788a80000,0x00000007894257d0,0x0000000789500000)
  to   space 12800K, 0% used [0x0000000787e00000,0x0000000787e00000,0x0000000788a80000)
 ParOldGen       total 76800K, used 18651K [0x0000000701400000, 0x0000000705f00000, 0x0000000780700000)
  object space 76800K, 24% used [0x0000000701400000,0x0000000702636d58,0x0000000705f00000)
 Metaspace       used 42658K, capacity 44343K, committed 44416K, reserved 1091584K
  class space    used 5620K, capacity 5958K, committed 6016K, reserved 1048576K
}
Event: 12.177 GC heap before
{Heap before GC invocations=13 (full 3):
 PSYoungGen      total 132608K, used 9877K [0x0000000780700000, 0x000000078b500000, 0x00000007c0000000)
  eden space 121856K, 0% used [0x0000000780700000,0x0000000780700000,0x0000000787e00000)
  from space 10752K, 91% used [0x0000000788a80000,0x00000007894257d0,0x0000000789500000)
  to   space 12800K, 0% used [0x0000000787e00000,0x0000000787e00000,0x0000000788a80000)
 ParOldGen       total 76800K, used 18651K [0x0000000701400000, 0x0000000705f00000, 0x0000000780700000)
  object space 76800K, 24% used [0x0000000701400000,0x0000000702636d58,0x0000000705f00000)
 Metaspace       used 42658K, capacity 44343K, committed 44416K, reserved 1091584K
  class space    used 5620K, capacity 5958K, committed 6016K, reserved 1048576K
Event: 12.387 GC heap after
Heap after GC invocations=13 (full 3):
 PSYoungGen      total 132608K, used 0K [0x0000000780700000, 0x000000078b500000, 0x00000007c0000000)
  eden space 121856K, 0% used [0x0000000780700000,0x0000000780700000,0x0000000787e00000)
  from space 10752K, 0% used [0x0000000788a80000,0x0000000788a80000,0x0000000789500000)
  to   space 12800K, 0% used [0x0000000787e00000,0x0000000787e00000,0x0000000788a80000)
 ParOldGen       total 76800K, used 25051K [0x0000000701400000, 0x0000000705f00000, 0x0000000780700000)
  object space 76800K, 32% used [0x0000000701400000,0x0000000702c76ea8,0x0000000705f00000)
 Metaspace       used 42658K, capacity 44343K, committed 44416K, reserved 1089536K
  class space    used 5620K, capacity 5958K, committed 6016K, reserved 1048576K
}

